# JRE version: OpenJDK Runtime Environment (8.0_152-b01) (build 1.8.0_152-release-1024-b01)
# Java VM: OpenJDK 64-Bit Server VM (25.152-b01 mixed mode linux-amd64 compressed oops)
Heap:
 PSYoungGen      total 449536K, used 0K [0x00000000e0000000, 0x0000000100000000, 0x0000000100000000)
  eden space 413184K, 0% used [0x00000000e0000000,0x00000000e0000000,0x00000000f9380000)
  from space 36352K, 0% used [0x00000000fc280000,0x00000000fc280000,0x00000000fe600000)
  to   space 48128K, 0% used [0x00000000f9380000,0x00000000f9380000,0x00000000fc280000)
 ParOldGen       total 210432K, used 176835K [0x00000000a0000000, 0x00000000acd80000, 0x00000000e0000000)
  object space 210432K, 84% used [0x00000000a0000000,0x00000000aacb0c80,0x00000000acd80000)
 Metaspace       used 112300K, capacity 117952K, committed 122956K, reserved 1157120K
  class space    used 14158K, capacity 15229K, committed 16256K, reserved 1048576K
GC Heap History (10 events):
Event: 9177.032 GC heap after
Heap after GC invocations=20 (full 4):
 PSYoungGen      total 483328K, used 11983K [0x00000000e0000000, 0x0000000100000000, 0x0000000100000000)
  eden space 441344K, 0% used [0x00000000e0000000,0x00000000e0000000,0x00000000faf00000)
  from space 41984K, 28% used [0x00000000fd700000,0x00000000fe2b3d00,0x0000000100000000)
  to   space 40960K, 0% used [0x00000000faf00000,0x00000000faf00000,0x00000000fd700000)
 ParOldGen       total 210432K, used 94142K [0x00000000a0000000, 0x00000000acd80000, 0x00000000e0000000)
  object space 210432K, 44% used [0x00000000a0000000,0x00000000a5bef800,0x00000000acd80000)
 Metaspace       used 105010K, capacity 111466K, committed 111564K, reserved 1146880K
  class space    used 13569K, capacity 14822K, committed 14848K, reserved 1048576K
}
Event: 12483.041 GC heap before
{Heap before GC invocations=21 (full 4):
 PSYoungGen      total 483328K, used 453327K [0x00000000e0000000, 0x0000000100000000, 0x0000000100000000)
  eden space 441344K, 100% used [0x00000000e0000000,0x00000000faf00000,0x00000000faf00000)
  from space 41984K, 28% used [0x00000000fd700000,0x00000000fe2b3d00,0x0000000100000000)
  to   space 40960K, 0% used [0x00000000faf00000,0x00000000faf00000,0x00000000fd700000)
 ParOldGen       total 210432K, used 94142K [0x00000000a0000000, 0x00000000acd80000, 0x00000000e0000000)
  object space 210432K, 44% used [0x00000000a0000000,0x00000000a5bef800,0x00000000acd80000)
 Metaspace       used 107090K, capacity 114284K, committed 114508K, reserved 1148928K
  class space    used 13831K, capacity 15225K, committed 15232K, reserved 1048576K
Event: 12483.081 GC heap after
Heap after GC invocations=21 (full 4):
 PSYoungGen      total 456192K, used 14484K [0x00000000e0000000, 0x00000000ffb00000, 0x0000000100000000)
  eden space 441344K, 0% used [0x00000000e0000000,0x00000000e0000000,0x00000000faf00000)
  from space 14848K, 97% used [0x00000000faf00000,0x00000000fbd25068,0x00000000fbd80000)
  to   space 38912K, 0% used [0x00000000fd500000,0x00000000fd500000,0x00000000ffb00000)
 ParOldGen       total 210432K, used 94150K [0x00000000a0000000, 0x00000000acd80000, 0x00000000e0000000)
  object space 210432K, 44% used [0x00000000a0000000,0x00000000a5bf1800,0x00000000acd80000)
 Metaspace       used 107090K, capacity 114284K, committed 114508K, reserved 1148928K
  class space    used 13831K, capacity 15225K, committed 15232K, reserved 1048576K
}
Event: 12562.915 GC heap before
{Heap before GC invocations=22 (full 4):
 PSYoungGen      total 456192K, used 455828K [0x00000000e0000000, 0x00000000ffb00000, 0x0000000100000000)
  eden space 441344K, 100% used [0x00000000e0000000,0x00000000faf00000,0x00000000faf00000)
  from space 14848K, 97% used [0x00000000faf00000,0x00000000fbd25068,0x00000000fbd80000)
  to   space 38912K, 0% used [0x00000000fd500000,0x00000000fd500000,0x00000000ffb00000)
 ParOldGen       total 210432K, used 94150K [0x00000000a0000000, 0x00000000acd80000, 0x00000000e0000000)
  object space 210432K, 44% used [0x00000000a0000000,0x00000000a5bf1800,0x00000000acd80000)
 Metaspace       used 113158K, capacity 120592K, committed 120652K, reserved 1155072K
  class space    used 14512K, capacity 15945K, committed 16000K, reserved 1048576K
Event: 12562.976 GC heap after
Heap after GC invocations=22 (full 4):
 PSYoungGen      total 442368K, used 18286K [0x00000000e0000000, 0x00000000fe700000, 0x0000000100000000)
  eden space 423936K, 0% used [0x00000000e0000000,0x00000000e0000000,0x00000000f9e00000)
  from space 18432K, 99% used [0x00000000fd500000,0x00000000fe6dbb68,0x00000000fe700000)
  to   space 37376K, 0% used [0x00000000f9e00000,0x00000000f9e00000,0x00000000fc280000)
 ParOldGen       total 210432K, used 94158K [0x00000000a0000000, 0x00000000acd80000, 0x00000000e0000000)
  object space 210432K, 44% used [0x00000000a0000000,0x00000000a5bf3800,0x00000000acd80000)
 Metaspace       used 113158K, capacity 120592K, committed 120652K, reserved 1155072K
  class space    used 14512K, capacity 15945K, committed 16000K, reserved 1048576K
}
Event: 12757.302 GC heap before
{Heap before GC invocations=23 (full 4):
 PSYoungGen      total 442368K, used 441625K [0x00000000e0000000, 0x00000000fe700000, 0x0000000100000000)
  eden space 423936K, 99% used [0x00000000e0000000,0x00000000f9d6a8e0,0x00000000f9e00000)
  from space 18432K, 99% used [0x00000000fd500000,0x00000000fe6dbb68,0x00000000fe700000)
  to   space 37376K, 0% used [0x00000000f9e00000,0x00000000f9e00000,0x00000000fc280000)
 ParOldGen       total 210432K, used 94158K [0x00000000a0000000, 0x00000000acd80000, 0x00000000e0000000)
  object space 210432K, 44% used [0x00000000a0000000,0x00000000a5bf3800,0x00000000acd80000)
 Metaspace       used 115008K, capacity 122682K, committed 122956K, reserved 1157120K
  class space    used 14690K, capacity 16180K, committed 16256K, reserved 1048576K
Event: 12757.431 GC heap after
Heap after GC invocations=23 (full 4):
 PSYoungGen      total 444928K, used 37369K [0x00000000e0000000, 0x00000000fe600000, 0x0000000100000000)
  eden space 407552K, 0% used [0x00000000e0000000,0x00000000e0000000,0x00000000f8e00000)
  from space 37376K, 99% used [0x00000000f9e00000,0x00000000fc27e700,0x00000000fc280000)
  to   space 36352K, 0% used [0x00000000fc280000,0x00000000fc280000,0x00000000fe600000)
 ParOldGen       total 210432K, used 100919K [0x00000000a0000000, 0x00000000acd80000, 0x00000000e0000000)
  object space 210432K, 47% used [0x00000000a0000000,0x00000000a628df70,0x00000000acd80000)
 Metaspace       used 115008K, capacity 122682K, committed 122956K, reserved 1157120K
  class space    used 14690K, capacity 16180K, committed 16256K, reserved 1048576K
}
Event: 12758.630 GC heap before
{Heap before GC invocations=24 (full 4):
 PSYoungGen      total 444928K, used 433654K [0x00000000e0000000, 0x00000000fe600000, 0x0000000100000000)
  eden space 407552K, 97% used [0x00000000e0000000,0x00000000f82ff4c8,0x00000000f8e00000)
  from space 37376K, 99% used [0x00000000f9e00000,0x00000000fc27e700,0x00000000fc280000)
  to   space 36352K, 0% used [0x00000000fc280000,0x00000000fc280000,0x00000000fe600000)
 ParOldGen       total 210432K, used 100919K [0x00000000a0000000, 0x00000000acd80000, 0x00000000e0000000)
  object space 210432K, 47% used [0x00000000a0000000,0x00000000a628df70,0x00000000acd80000)
 Metaspace       used 115014K, capacity 122682K, committed 122956K, reserved 1157120K
  class space    used 14690K, capacity 16180K, committed 16256K, reserved 1048576K
Event: 12758.770 GC heap after
Heap after GC invocations=24 (full 4):
 PSYoungGen      total 449536K, used 34715K [0x00000000e0000000, 0x0000000100000000, 0x0000000100000000)
  eden space 413184K, 0% used [0x00000000e0000000,0x00000000e0000000,0x00000000f9380000)
  from space 36352K, 95% used [0x00000000fc280000,0x00000000fe466fe8,0x00000000fe600000)
  to   space 48128K, 0% used [0x00000000f9380000,0x00000000f9380000,0x00000000fc280000)
 ParOldGen       total 210432K, used 192908K [0x00000000a0000000, 0x00000000acd80000, 0x00000000e0000000)
  object space 210432K, 91% used [0x00000000a0000000,0x00000000abc63328,0x00000000acd80000)
 Metaspace       used 115014K, capacity 122682K, committed 122956K, reserved 1157120K
  class space    used 14690K, capacity 16180K, committed 16256K, reserved 1048576K
}
Event: 12758.771 GC heap before
{Heap before GC invocations=25 (full 5):
 PSYoungGen      total 449536K, used 34715K [0x00000000e0000000, 0x0000000100000000, 0x0000000100000000)
  eden space 413184K, 0% used [0x00000000e0000000,0x00000000e0000000,0x00000000f9380000)
  from space 36352K, 95% used [0x00000000fc280000,0x00000000fe466fe8,0x00000000fe600000)
  to   space 48128K, 0% used [0x00000000f9380000,0x00000000f9380000,0x00000000fc280000)
 ParOldGen       total 210432K, used 192908K [0x00000000a0000000, 0x00000000acd80000, 0x00000000e0000000)
  object space 210432K, 91% used [0x00000000a0000000,0x00000000abc63328,0x00000000acd80000)
 Metaspace       used 115014K, capacity 122682K, committed 122956K, reserved 1157120K
  class space    used 14690K, capacity 16180K, committed 16256K, reserved 1048576K

