# JRE version: OpenJDK Runtime Environment (8.0_152-b01) (build 1.8.0_152-release-1024-b01)
# Java VM: OpenJDK 64-Bit Server VM (25.152-b01 mixed mode linux-amd64 compressed oops)
Heap:
 PSYoungGen      total 424448K, used 0K [0x00000000e0000000, 0x0000000100000000, 0x0000000100000000)
  eden space 394240K, 0% used [0x00000000e0000000,0x00000000e0000000,0x00000000f8100000)
  from space 30208K, 0% used [0x00000000fe280000,0x00000000fe280000,0x0000000100000000)
  to   space 65024K, 0% used [0x00000000f8100000,0x00000000f8100000,0x00000000fc080000)
 ParOldGen       total 356352K, used 155080K [0x00000000a0000000, 0x00000000b5c00000, 0x00000000e0000000)
  object space 356352K, 43% used [0x00000000a0000000,0x00000000a9772388,0x00000000b5c00000)
 Metaspace       used 78925K, capacity 82224K, committed 82520K, reserved 1120256K
  class space    used 10181K, capacity 10831K, committed 10880K, reserved 1048576K
GC Heap History (10 events):
Event: 43.064 GC heap after
Heap after GC invocations=33 (full 5):
 PSYoungGen      total 503808K, used 10282K [0x00000000e0000000, 0x00000000ffe80000, 0x0000000100000000)
  eden space 484864K, 0% used [0x00000000e0000000,0x00000000e0000000,0x00000000fd980000)
  from space 18944K, 54% used [0x00000000fec00000,0x00000000ff60a9b8,0x00000000ffe80000)
  to   space 18944K, 0% used [0x00000000fd980000,0x00000000fd980000,0x00000000fec00000)
 ParOldGen       total 356352K, used 111031K [0x00000000a0000000, 0x00000000b5c00000, 0x00000000e0000000)
  object space 356352K, 31% used [0x00000000a0000000,0x00000000a6c6dec8,0x00000000b5c00000)
 Metaspace       used 68561K, capacity 71450K, committed 71640K, reserved 1112064K
  class space    used 9052K, capacity 9624K, committed 9728K, reserved 1048576K
}
Event: 49.245 GC heap before
{Heap before GC invocations=34 (full 5):
 PSYoungGen      total 503808K, used 495146K [0x00000000e0000000, 0x00000000ffe80000, 0x0000000100000000)
  eden space 484864K, 100% used [0x00000000e0000000,0x00000000fd980000,0x00000000fd980000)
  from space 18944K, 54% used [0x00000000fec00000,0x00000000ff60a9b8,0x00000000ffe80000)
  to   space 18944K, 0% used [0x00000000fd980000,0x00000000fd980000,0x00000000fec00000)
 ParOldGen       total 356352K, used 111031K [0x00000000a0000000, 0x00000000b5c00000, 0x00000000e0000000)
  object space 356352K, 31% used [0x00000000a0000000,0x00000000a6c6dec8,0x00000000b5c00000)
 Metaspace       used 69330K, capacity 72244K, committed 72408K, reserved 1112064K
  class space    used 9111K, capacity 9691K, committed 9728K, reserved 1048576K
Event: 49.363 GC heap after
Heap after GC invocations=34 (full 5):
 PSYoungGen      total 503808K, used 18921K [0x00000000e0000000, 0x0000000100000000, 0x0000000100000000)
  eden space 484864K, 0% used [0x00000000e0000000,0x00000000e0000000,0x00000000fd980000)
  from space 18944K, 99% used [0x00000000fd980000,0x00000000febfa798,0x00000000fec00000)
  to   space 20480K, 0% used [0x00000000fec00000,0x00000000fec00000,0x0000000100000000)
 ParOldGen       total 356352K, used 135277K [0x00000000a0000000, 0x00000000b5c00000, 0x00000000e0000000)
  object space 356352K, 37% used [0x00000000a0000000,0x00000000a841b420,0x00000000b5c00000)
 Metaspace       used 69330K, capacity 72244K, committed 72408K, reserved 1112064K
  class space    used 9111K, capacity 9691K, committed 9728K, reserved 1048576K
}
Event: 634.150 GC heap before
{Heap before GC invocations=35 (full 5):
 PSYoungGen      total 503808K, used 503785K [0x00000000e0000000, 0x0000000100000000, 0x0000000100000000)
  eden space 484864K, 100% used [0x00000000e0000000,0x00000000fd980000,0x00000000fd980000)
  from space 18944K, 99% used [0x00000000fd980000,0x00000000febfa798,0x00000000fec00000)
  to   space 20480K, 0% used [0x00000000fec00000,0x00000000fec00000,0x0000000100000000)
 ParOldGen       total 356352K, used 135277K [0x00000000a0000000, 0x00000000b5c00000, 0x00000000e0000000)
  object space 356352K, 37% used [0x00000000a0000000,0x00000000a841b420,0x00000000b5c00000)
 Metaspace       used 74275K, capacity 77516K, committed 77784K, reserved 1116160K
  class space    used 9591K, capacity 10227K, committed 10240K, reserved 1048576K
Event: 634.213 GC heap after
Heap after GC invocations=35 (full 5):
 PSYoungGen      total 484352K, used 18310K [0x00000000e0000000, 0x0000000100000000, 0x0000000100000000)
  eden space 463872K, 0% used [0x00000000e0000000,0x00000000e0000000,0x00000000fc500000)
  from space 20480K, 89% used [0x00000000fec00000,0x00000000ffde1bd8,0x0000000100000000)
  to   space 30208K, 0% used [0x00000000fc500000,0x00000000fc500000,0x00000000fe280000)
 ParOldGen       total 356352K, used 144107K [0x00000000a0000000, 0x00000000b5c00000, 0x00000000e0000000)
  object space 356352K, 40% used [0x00000000a0000000,0x00000000a8cbac38,0x00000000b5c00000)
 Metaspace       used 74275K, capacity 77516K, committed 77784K, reserved 1116160K
  class space    used 9591K, capacity 10227K, committed 10240K, reserved 1048576K
}
Event: 637.990 GC heap before
{Heap before GC invocations=36 (full 5):
 PSYoungGen      total 484352K, used 481905K [0x00000000e0000000, 0x0000000100000000, 0x0000000100000000)
  eden space 463872K, 99% used [0x00000000e0000000,0x00000000fc4baac0,0x00000000fc500000)
  from space 20480K, 89% used [0x00000000fec00000,0x00000000ffde1bd8,0x0000000100000000)
  to   space 30208K, 0% used [0x00000000fc500000,0x00000000fc500000,0x00000000fe280000)
 ParOldGen       total 356352K, used 144107K [0x00000000a0000000, 0x00000000b5c00000, 0x00000000e0000000)
  object space 356352K, 40% used [0x00000000a0000000,0x00000000a8cbac38,0x00000000b5c00000)
 Metaspace       used 78864K, capacity 82326K, committed 82520K, reserved 1120256K
  class space    used 10195K, capacity 10856K, committed 10880K, reserved 1048576K
Event: 638.128 GC heap after
Heap after GC invocations=36 (full 5):
 PSYoungGen      total 494080K, used 30185K [0x00000000e0000000, 0x0000000100000000, 0x0000000100000000)
  eden space 463872K, 0% used [0x00000000e0000000,0x00000000e0000000,0x00000000fc500000)
  from space 30208K, 99% used [0x00000000fc500000,0x00000000fe27a450,0x00000000fe280000)
  to   space 30208K, 0% used [0x00000000fe280000,0x00000000fe280000,0x0000000100000000)
 ParOldGen       total 356352K, used 180755K [0x00000000a0000000, 0x00000000b5c00000, 0x00000000e0000000)
  object space 356352K, 50% used [0x00000000a0000000,0x00000000ab084e70,0x00000000b5c00000)
 Metaspace       used 78864K, capacity 82326K, committed 82520K, reserved 1120256K
  class space    used 10195K, capacity 10856K, committed 10880K, reserved 1048576K
}
Event: 642.346 GC heap before
{Heap before GC invocations=37 (full 5):
 PSYoungGen      total 494080K, used 490881K [0x00000000e0000000, 0x0000000100000000, 0x0000000100000000)
  eden space 463872K, 99% used [0x00000000e0000000,0x00000000fc1e5ff8,0x00000000fc500000)
  from space 30208K, 99% used [0x00000000fc500000,0x00000000fe27a450,0x00000000fe280000)
  to   space 30208K, 0% used [0x00000000fe280000,0x00000000fe280000,0x0000000100000000)
 ParOldGen       total 356352K, used 184851K [0x00000000a0000000, 0x00000000b5c00000, 0x00000000e0000000)
  object space 356352K, 51% used [0x00000000a0000000,0x00000000ab484e80,0x00000000b5c00000)
 Metaspace       used 78965K, capacity 82372K, committed 82520K, reserved 1120256K
  class space    used 10201K, capacity 10865K, committed 10880K, reserved 1048576K
Event: 642.452 GC heap after
Heap after GC invocations=37 (full 5):
 PSYoungGen      total 424448K, used 30180K [0x00000000e0000000, 0x0000000100000000, 0x0000000100000000)
  eden space 394240K, 0% used [0x00000000e0000000,0x00000000e0000000,0x00000000f8100000)
  from space 30208K, 99% used [0x00000000fe280000,0x00000000ffff93d8,0x0000000100000000)
  to   space 65024K, 0% used [0x00000000f8100000,0x00000000f8100000,0x00000000fc080000)
 ParOldGen       total 356352K, used 226545K [0x00000000a0000000, 0x00000000b5c00000, 0x00000000e0000000)
  object space 356352K, 63% used [0x00000000a0000000,0x00000000add3c638,0x00000000b5c00000)
 Metaspace       used 78965K, capacity 82372K, committed 82520K, reserved 1120256K
  class space    used 10201K, capacity 10865K, committed 10880K, reserved 1048576K
}
Event: 645.123 GC heap before
{Heap before GC invocations=38 (full 6):
 PSYoungGen      total 424448K, used 424420K [0x00000000e0000000, 0x0000000100000000, 0x0000000100000000)
  eden space 394240K, 100% used [0x00000000e0000000,0x00000000f8100000,0x00000000f8100000)
  from space 30208K, 99% used [0x00000000fe280000,0x00000000ffff93d8,0x0000000100000000)
  to   space 65024K, 0% used [0x00000000f8100000,0x00000000f8100000,0x00000000fc080000)
 ParOldGen       total 356352K, used 346739K [0x00000000a0000000, 0x00000000b5c00000, 0x00000000e0000000)
  object space 356352K, 97% used [0x00000000a0000000,0x00000000b529cd88,0x00000000b5c00000)
 Metaspace       used 78979K, capacity 82372K, committed 82520K, reserved 1120256K
  class space    used 10201K, capacity 10865K, committed 10880K, reserved 1048576K

